{"time_stamp":"2024-08-02T09:04:35.950+0700","message":"global error handler","error":"path not found, use https://localhost:3000/docs/index.html for API docs"}
{"time_stamp":"2024-08-02T09:04:36.013+0700","message":"global error handler","error":"path not found, use https://localhost:3000/docs/index.html for API docs"}
{"time_stamp":"2024-08-02T09:04:49.829+0700","message":"global error handler","error":"Key: 'RegisterRequest.Email' Error:Field validation for 'Email' failed on the 'email' tag"}
{"time_stamp":"2024-08-02T09:04:57.701+0700","message":"global error handler","error":"Username or email already exists"}
{"time_stamp":"2024-08-02T09:05:05.556+0700","message":"global error handler","error":"Username or email already exists"}
{"time_stamp":"2024-08-02T09:05:17.903+0700","message":"global error handler","error":"Username or email already exists"}
{"time_stamp":"2024-08-02T09:06:48.573+0700","message":"global error handler","error":"Username or email already exists"}
{"time_stamp":"2024-08-02T09:07:50.437+0700","message":"user","newUser":{"ID":5,"RoleID":2,"Username":"string","Email":"string@string.string","Password":"$2a$10$gAf.Oys1pFZzjrUNwnTtDOSEhQNJ1C/JmqD15f9G3Nffjt/OGavfC","CreatedAt":"2024-08-02T09:07:50.4316526+07:00","UpdatedAt":"2024-08-02T09:07:50.4316526+07:00","Role":{"ID":0,"Name":"","CreatedAt":"0001-01-01T00:00:00Z","UpdatedAt":"0001-01-01T00:00:00Z"}}}
{"time_stamp":"2024-08-02T09:07:50.437+0700","message":"user registered successfully","userID":5}
{"time_stamp":"2024-08-02T09:10:03.903+0700","message":"user","newUser":{"ID":6,"RoleID":2,"Username":"admin","Email":"admin@admin.admin","Password":"$2a$10$sSzDYj0u8N5Ed06qZGP/..9r07lVPLk2visFe2LnLlKATi0RrgKi.","CreatedAt":"2024-08-02T09:10:03.895526+07:00","UpdatedAt":"2024-08-02T09:10:03.895526+07:00","Role":{"ID":2,"Name":"USER","CreatedAt":"2024-08-02T09:07:29+07:00","UpdatedAt":"2024-08-02T09:07:29+07:00"}}}
{"time_stamp":"2024-08-02T09:10:03.903+0700","message":"user registered successfully","userID":6}
{"time_stamp":"2024-08-02T09:10:45.010+0700","message":"global error handler","error":"Key: 'RegisterRequest.Email' Error:Field validation for 'Email' failed on the 'email' tag"}
{"time_stamp":"2024-08-02T09:15:12.261+0700","message":"global error handler","error":"Key: 'RegisterRequest.Email' Error:Field validation for 'Email' failed on the 'email' tag"}
{"time_stamp":"2024-08-02T09:23:27.990+0700","message":"global error handler","error":"Key: 'RegisterRequest.Email' Error:Field validation for 'Email' failed on the 'email' tag"}
{"time_stamp":"2024-08-02T09:23:34.114+0700","message":"user registered successfully","userID":7}
{"time_stamp":"2024-08-02T09:44:07.155+0700","message":"global error handler","error":"path not found, use https://localhost:3000/docs/index.html for API docs"}
{"time_stamp":"2024-08-02T09:44:47.777+0700","message":"global error handler","error":"Email or password is incorrect"}
{"time_stamp":"2024-08-02T09:45:19.133+0700","message":"global error handler","error":"Email or password is incorrect"}
{"time_stamp":"2024-08-02T09:45:49.741+0700","message":"login user","loginUser":{"ID":0,"RoleID":0,"Username":"","Email":"string@string.string","Password":"password","CreatedAt":"0001-01-01T00:00:00Z","UpdatedAt":"0001-01-01T00:00:00Z","Role":{"ID":0,"Name":"","CreatedAt":"0001-01-01T00:00:00Z","UpdatedAt":"0001-01-01T00:00:00Z"}}}
{"time_stamp":"2024-08-02T09:45:49.777+0700","message":"global error handler","error":"Email or password is incorrect"}
{"time_stamp":"2024-08-02T09:46:15.788+0700","message":"global error handler","error":"Email or password is incorrect"}
{"time_stamp":"2024-08-02T09:47:19.060+0700","message":"global error handler","error":"ERROR: column \"nama\" does not exist (SQLSTATE 42703)"}
{"time_stamp":"2024-08-02T09:47:29.852+0700","message":"global error handler","error":"failed to assign association &entity.Role{ID:0x0, Name:\"USER\", CreatedAt:time.Date(1, time.January, 1, 0, 0, 0, 0, time.UTC), UpdatedAt:time.Date(1, time.January, 1, 0, 0, 0, 0, time.UTC)}, make sure foreign fields exists"}
{"time_stamp":"2024-08-02T09:48:19.752+0700","message":"success login","userID":{"ID":5,"RoleID":2,"Username":"string","Email":"string@string.string","Password":"$2a$10$gAf.Oys1pFZzjrUNwnTtDOSEhQNJ1C/JmqD15f9G3Nffjt/OGavfC","CreatedAt":"2024-08-02T09:07:50.431652+07:00","UpdatedAt":"2024-08-02T09:07:50.431652+07:00","Role":{"ID":0,"Name":"","CreatedAt":"0001-01-01T00:00:00Z","UpdatedAt":"0001-01-01T00:00:00Z"}}}
{"time_stamp":"2024-08-02T09:48:19.756+0700","message":"global error handler","error":"failed to assign association &entity.Role{ID:0x0, Name:\"USER\", CreatedAt:time.Date(1, time.January, 1, 0, 0, 0, 0, time.UTC), UpdatedAt:time.Date(1, time.January, 1, 0, 0, 0, 0, time.UTC)}, make sure foreign fields exists"}
{"time_stamp":"2024-08-02T09:49:04.831+0700","message":"success login","userID":{"ID":5,"RoleID":2,"Username":"string","Email":"string@string.string","Password":"$2a$10$gAf.Oys1pFZzjrUNwnTtDOSEhQNJ1C/JmqD15f9G3Nffjt/OGavfC","CreatedAt":"2024-08-02T09:07:50.431652+07:00","UpdatedAt":"2024-08-02T09:07:50.431652+07:00","Role":{"ID":0,"Name":"","CreatedAt":"0001-01-01T00:00:00Z","UpdatedAt":"0001-01-01T00:00:00Z"}}}
{"time_stamp":"2024-08-02T09:49:04.832+0700","message":"global error handler","error":"ERROR: could not determine data type of parameter $1 (SQLSTATE 42P18)"}
{"time_stamp":"2024-08-02T09:49:24.137+0700","message":"success login","userID":{"ID":5,"RoleID":2,"Username":"string","Email":"string@string.string","Password":"$2a$10$gAf.Oys1pFZzjrUNwnTtDOSEhQNJ1C/JmqD15f9G3Nffjt/OGavfC","CreatedAt":"2024-08-02T09:07:50.431652+07:00","UpdatedAt":"2024-08-02T09:07:50.431652+07:00","Role":{"ID":0,"Name":"","CreatedAt":"0001-01-01T00:00:00Z","UpdatedAt":"0001-01-01T00:00:00Z"}}}
{"time_stamp":"2024-08-02T10:37:39.382+0700","message":"user registered successfully","userID":8}
{"time_stamp":"2024-08-02T10:57:14.372+0700","message":"global error handler","error":"Email or password is incorrect"}
{"time_stamp":"2024-08-02T11:15:56.352+0700","message":"global error handler","error":"Username or email already exists"}
{"time_stamp":"2024-08-02T11:16:44.110+0700","message":"user registered successfully","userID":2}
